<?xml version="1.0" encoding="UTF-8"?>
<testsuite name="ch2.MyArrayListTest" tests="1" skipped="0" failures="0" errors="0" timestamp="2023-03-09T13:47:47" hostname="BH-L168.local" time="0.013">
  <properties/>
  <testcase name="MyArrayListTest()" classname="ch2.MyArrayListTest" time="0.013"/>
  <system-out><![CDATA[]]></system-out>
  <system-err><![CDATA[]]></system-err>
</testsuite>
