<?xml version="1.0" encoding="UTF-8"?>
<testsuite name="domain.club.ClubServiceTest" tests="3" skipped="0" failures="0" errors="0" timestamp="2023-01-27T14:01:22" hostname="BH-L168.local" time="0.017">
  <properties/>
  <testcase name="[1] 16" classname="domain.club.ClubServiceTest" time="0.014"/>
  <testcase name="[2] 17" classname="domain.club.ClubServiceTest" time="0.0"/>
  <testcase name="[3] 18" classname="domain.club.ClubServiceTest" time="0.0"/>
  <system-out><![CDATA[미성년자는 못 들어갑니다.
미성년자는 못 들어갑니다.
미성년자는 못 들어갑니다.
]]></system-out>
  <system-err><![CDATA[]]></system-err>
</testsuite>
